<?xml version="1.0" encoding="UTF-8"?>
<coverage generated="1694179072471" clover="3.2.0">
  <project timestamp="1694179072472" name="All files">
    <metrics statements="1959" coveredstatements="1775" conditionals="520" coveredconditionals="419" methods="559" coveredmethods="487" elements="3038" coveredelements="2681" complexity="0" loc="1959" ncloc="1959" packages="73" files="124" classes="124"/>
    <package name="digital-user-management.src.app">
      <metrics statements="4" coveredstatements="4" conditionals="0" coveredconditionals="0" methods="0" coveredmethods="0"/>
      <file name="app.component.html" path="C:\Users\IaKapanadze\Desktop\FrontX.Angular.DigitalUserManagement\apps\digital-user-management\src\app\app.component.html">
        <metrics statements="1" coveredstatements="1" conditionals="0" coveredconditionals="0" methods="0" coveredmethods="0"/>
        <line num="1" count="1" type="stmt"/>
      </file>
      <file name="app.component.ts" path="C:\Users\IaKapanadze\Desktop\FrontX.Angular.DigitalUserManagement\apps\digital-user-management\src\app\app.component.ts">
        <metrics statements="3" coveredstatements="3" conditionals="0" coveredconditionals="0" methods="0" coveredmethods="0"/>
        <line num="1" count="1" type="stmt"/>
        <line num="8" count="1" type="stmt"/>
        <line num="9" count="4" type="stmt"/>
      </file>
    </package>
    <package name="digital-user-management.src.app.features.user-management">
      <metrics statements="17" coveredstatements="17" conditionals="0" coveredconditionals="0" methods="3" coveredmethods="3"/>
      <file name="user-management.component.html" path="C:\Users\IaKapanadze\Desktop\FrontX.Angular.DigitalUserManagement\apps\digital-user-management\src\app\features\user-management\user-management.component.html">
        <metrics statements="1" coveredstatements="1" conditionals="0" coveredconditionals="0" methods="0" coveredmethods="0"/>
        <line num="1" count="1" type="stmt"/>
      </file>
      <file name="user-management.component.ts" path="C:\Users\IaKapanadze\Desktop\FrontX.Angular.DigitalUserManagement\apps\digital-user-management\src\app\features\user-management\user-management.component.ts">
        <metrics statements="16" coveredstatements="16" conditionals="0" coveredconditionals="0" methods="3" coveredmethods="3"/>
        <line num="1" count="1" type="stmt"/>
        <line num="2" count="1" type="stmt"/>
        <line num="3" count="1" type="stmt"/>
        <line num="4" count="1" type="stmt"/>
        <line num="5" count="1" type="stmt"/>
        <line num="6" count="1" type="stmt"/>
        <line num="7" count="1" type="stmt"/>
        <line num="15" count="1" type="stmt"/>
        <line num="16" count="1" type="stmt"/>
        <line num="18" count="1" type="stmt"/>
        <line num="19" count="1" type="stmt"/>
        <line num="20" count="1" type="stmt"/>
        <line num="25" count="1" type="stmt"/>
        <line num="26" count="1" type="stmt"/>
        <line num="27" count="1" type="stmt"/>
        <line num="31" count="2" type="stmt"/>
      </file>
    </package>
    <package name="digital-user-management.src.app.features.user-management.core.constants">
      <metrics statements="16" coveredstatements="16" conditionals="0" coveredconditionals="0" methods="0" coveredmethods="0"/>
      <file name="constants.ts" path="C:\Users\IaKapanadze\Desktop\FrontX.Angular.DigitalUserManagement\apps\digital-user-management\src\app\features\user-management\core\constants\constants.ts">
        <metrics statements="16" coveredstatements="16" conditionals="0" coveredconditionals="0" methods="0" coveredmethods="0"/>
        <line num="1" count="10" type="stmt"/>
        <line num="2" count="10" type="stmt"/>
        <line num="4" count="10" type="stmt"/>
        <line num="31" count="10" type="stmt"/>
        <line num="38" count="10" type="stmt"/>
        <line num="49" count="10" type="stmt"/>
        <line num="76" count="10" type="stmt"/>
        <line num="87" count="10" type="stmt"/>
        <line num="104" count="10" type="stmt"/>
        <line num="152" count="10" type="stmt"/>
        <line num="167" count="10" type="stmt"/>
        <line num="182" count="10" type="stmt"/>
        <line num="187" count="10" type="stmt"/>
        <line num="203" count="10" type="stmt"/>
        <line num="258" count="10" type="stmt"/>
        <line num="298" count="10" type="stmt"/>
      </file>
    </package>
    <package name="digital-user-management.src.app.features.user-management.core.services">
      <metrics statements="18" coveredstatements="18" conditionals="14" coveredconditionals="14" methods="6" coveredmethods="6"/>
      <file name="config.service.ts" path="C:\Users\IaKapanadze\Desktop\FrontX.Angular.DigitalUserManagement\apps\digital-user-management\src\app\features\user-management\core\services\config.service.ts">
        <metrics statements="18" coveredstatements="18" conditionals="14" coveredconditionals="14" methods="6" coveredmethods="6"/>
        <line num="1" count="30" type="stmt"/>
        <line num="2" count="30" type="stmt"/>
        <line num="3" count="30" type="stmt"/>
        <line num="4" count="30" type="stmt"/>
        <line num="10" count="30" type="stmt"/>
        <line num="11" count="30" type="stmt"/>
        <line num="12" count="129" type="stmt"/>
        <line num="13" count="129" type="stmt"/>
        <line num="14" count="129" type="stmt"/>
        <line num="15" count="129" type="stmt"/>
        <line num="18" count="129" type="stmt"/>
        <line num="20" count="129" type="cond" truecount="4" falsecount="0"/>
        <line num="21" count="129" type="cond" truecount="6" falsecount="0"/>
        <line num="22" count="129" type="cond" truecount="4" falsecount="0"/>
        <line num="28" count="65" type="stmt"/>
        <line num="31" count="13" type="stmt"/>
        <line num="34" count="7" type="stmt"/>
        <line num="37" count="42" type="stmt"/>
      </file>
    </package>
    <package name="digital-user-management.src.app.features.user-management.roles">
      <metrics statements="32" coveredstatements="32" conditionals="5" coveredconditionals="5" methods="14" coveredmethods="14"/>
      <file name="roles.component.html" path="C:\Users\IaKapanadze\Desktop\FrontX.Angular.DigitalUserManagement\apps\digital-user-management\src\app\features\user-management\roles\roles.component.html">
        <metrics statements="1" coveredstatements="1" conditionals="0" coveredconditionals="0" methods="0" coveredmethods="0"/>
        <line num="1" count="1" type="stmt"/>
      </file>
      <file name="roles.component.ts" path="C:\Users\IaKapanadze\Desktop\FrontX.Angular.DigitalUserManagement\apps\digital-user-management\src\app\features\user-management\roles\roles.component.ts">
        <metrics statements="31" coveredstatements="31" conditionals="5" coveredconditionals="5" methods="14" coveredmethods="14"/>
        <line num="1" count="1" type="stmt"/>
        <line num="3" count="1" type="stmt"/>
        <line num="4" count="1" type="stmt"/>
        <line num="5" count="1" type="stmt"/>
        <line num="6" count="1" type="stmt"/>
        <line num="7" count="1" type="stmt"/>
        <line num="8" count="1" type="stmt"/>
        <line num="15" count="1" type="stmt"/>
        <line num="17" count="10" type="stmt"/>
        <line num="18" count="10" type="stmt"/>
        <line num="20" count="10" type="stmt"/>
        <line num="21" count="10" type="stmt"/>
        <line num="22" count="10" type="stmt"/>
        <line num="23" count="10" type="stmt"/>
        <line num="24" count="10" type="stmt"/>
        <line num="29" count="10" type="stmt"/>
        <line num="33" count="11" type="cond" truecount="1" falsecount="0"/>
        <line num="34" count="1" type="stmt"/>
        <line num="40" count="10" type="stmt"/>
        <line num="43" count="12" type="cond" truecount="2" falsecount="0"/>
        <line num="49" count="1" type="stmt"/>
        <line num="53" count="1" type="stmt"/>
        <line num="57" count="3" type="stmt"/>
        <line num="68" count="20" type="stmt"/>
        <line num="72" count="20" type="stmt"/>
        <line num="76" count="20" type="stmt"/>
        <line num="80" count="22" type="cond" truecount="2" falsecount="0"/>
        <line num="84" count="1" type="stmt"/>
        <line num="88" count="21" type="stmt"/>
        <line num="91" count="10" type="stmt"/>
        <line num="92" count="10" type="stmt"/>
      </file>
    </package>
    <package name="digital-user-management.src.app.features.user-management.roles.components.limits-list">
      <metrics statements="9" coveredstatements="9" conditionals="8" coveredconditionals="8" methods="6" coveredmethods="6"/>
      <file name="limits-list.component.html" path="C:\Users\IaKapanadze\Desktop\FrontX.Angular.DigitalUserManagement\apps\digital-user-management\src\app\features\user-management\roles\components\limits-list\limits-list.component.html">
        <metrics statements="1" coveredstatements="1" conditionals="0" coveredconditionals="0" methods="0" coveredmethods="0"/>
        <line num="1" count="1" type="stmt"/>
      </file>
      <file name="limits-list.component.ts" path="C:\Users\IaKapanadze\Desktop\FrontX.Angular.DigitalUserManagement\apps\digital-user-management\src\app\features\user-management\roles\components\limits-list\limits-list.component.ts">
        <metrics statements="8" coveredstatements="8" conditionals="8" coveredconditionals="8" methods="6" coveredmethods="6"/>
        <line num="1" count="1" type="stmt"/>
        <line num="3" count="1" type="stmt"/>
        <line num="14" count="1" type="stmt"/>
        <line num="16" count="3" type="stmt"/>
        <line num="17" count="3" type="stmt"/>
        <line num="18" count="3" type="stmt"/>
        <line num="25" count="3" type="cond" truecount="8" falsecount="0"/>
        <line num="29" count="6" type="stmt"/>
      </file>
    </package>
    <package name="digital-user-management.src.app.features.user-management.roles.components.roles-actions">
      <metrics statements="77" coveredstatements="77" conditionals="61" coveredconditionals="61" methods="32" coveredmethods="32"/>
      <file name="roles-actions.component.html" path="C:\Users\IaKapanadze\Desktop\FrontX.Angular.DigitalUserManagement\apps\digital-user-management\src\app\features\user-management\roles\components\roles-actions\roles-actions.component.html">
        <metrics statements="1" coveredstatements="1" conditionals="0" coveredconditionals="0" methods="0" coveredmethods="0"/>
        <line num="1" count="1" type="stmt"/>
      </file>
      <file name="roles-actions.component.ts" path="C:\Users\IaKapanadze\Desktop\FrontX.Angular.DigitalUserManagement\apps\digital-user-management\src\app\features\user-management\roles\components\roles-actions\roles-actions.component.ts">
        <metrics statements="76" coveredstatements="76" conditionals="61" coveredconditionals="61" methods="32" coveredmethods="32"/>
        <line num="1" count="1" type="stmt"/>
        <line num="11" count="1" type="stmt"/>
        <line num="12" count="1" type="stmt"/>
        <line num="13" count="1" type="stmt"/>
        <line num="14" count="1" type="stmt"/>
        <line num="15" count="1" type="stmt"/>
        <line num="16" count="1" type="stmt"/>
        <line num="17" count="1" type="stmt"/>
        <line num="25" count="1" type="stmt"/>
        <line num="27" count="30" type="stmt"/>
        <line num="28" count="30" type="stmt"/>
        <line num="29" count="30" type="stmt"/>
        <line num="30" count="30" type="stmt"/>
        <line num="31" count="30" type="stmt"/>
        <line num="32" count="30" type="stmt"/>
        <line num="33" count="30" type="stmt"/>
        <line num="34" count="30" type="stmt"/>
        <line num="35" count="30" type="stmt"/>
        <line num="36" count="30" type="stmt"/>
        <line num="40" count="30" type="stmt"/>
        <line num="43" count="30" type="stmt"/>
        <line num="44" count="30" type="stmt"/>
        <line num="45" count="30" type="stmt"/>
        <line num="46" count="30" type="stmt"/>
        <line num="47" count="30" type="stmt"/>
        <line num="48" count="30" type="stmt"/>
        <line num="53" count="264" type="stmt"/>
        <line num="57" count="34" type="stmt"/>
        <line num="59" count="34" type="stmt"/>
        <line num="61" count="34" type="stmt"/>
        <line num="64" count="6" type="cond" truecount="3" falsecount="0"/>
        <line num="65" count="6" type="stmt"/>
        <line num="71" count="34" type="cond" truecount="4" falsecount="0"/>
        <line num="72" count="34" type="stmt"/>
        <line num="75" count="34" type="stmt"/>
        <line num="76" count="34" type="stmt"/>
        <line num="77" count="34" type="stmt"/>
        <line num="78" count="34" type="stmt"/>
        <line num="79" count="34" type="stmt"/>
        <line num="80" count="34" type="stmt"/>
        <line num="85" count="34" type="cond" truecount="8" falsecount="0"/>
        <line num="87" count="34" type="stmt"/>
        <line num="91" count="35" type="cond" truecount="1" falsecount="0"/>
        <line num="92" count="1" type="stmt"/>
        <line num="100" count="37" type="stmt"/>
        <line num="101" count="34" type="stmt"/>
        <line num="102" count="41" type="stmt"/>
        <line num="108" count="7" type="stmt"/>
        <line num="109" count="798" type="stmt"/>
        <line num="113" count="45" type="cond" truecount="4" falsecount="0"/>
        <line num="117" count="4" type="cond" truecount="2" falsecount="0"/>
        <line num="118" count="2" type="cond" truecount="4" falsecount="0"/>
        <line num="120" count="2" type="cond" truecount="4" falsecount="0"/>
        <line num="125" count="75" type="stmt"/>
        <line num="126" count="75" type="cond" truecount="1" falsecount="0"/>
        <line num="127" count="457" type="stmt"/>
        <line num="129" count="75" type="cond" truecount="2" falsecount="0"/>
        <line num="130" count="76" type="cond" truecount="5" falsecount="0"/>
        <line num="131" count="73" type="stmt"/>
        <line num="134" count="2" type="stmt"/>
        <line num="138" count="4" type="cond" truecount="2" falsecount="0"/>
        <line num="139" count="3" type="stmt"/>
        <line num="140" count="2" type="stmt"/>
        <line num="143" count="1" type="stmt"/>
        <line num="144" count="6" type="cond" truecount="1" falsecount="0"/>
        <line num="145" count="5" type="stmt"/>
        <line num="152" count="490" type="stmt"/>
        <line num="153" count="50" type="cond" truecount="6" falsecount="0"/>
        <line num="157" count="5" type="cond" truecount="10" falsecount="0"/>
        <line num="161" count="2" type="stmt"/>
        <line num="162" count="2" type="stmt"/>
        <line num="166" count="31" type="stmt"/>
        <line num="175" count="30" type="stmt"/>
        <line num="176" count="30" type="stmt"/>
        <line num="177" count="30" type="stmt"/>
        <line num="178" count="30" type="stmt"/>
      </file>
    </package>
    <package name="digital-user-management.src.app.features.user-management.roles.components.roles-approval-groups">
      <metrics statements="26" coveredstatements="26" conditionals="3" coveredconditionals="3" methods="4" coveredmethods="4"/>
      <file name="roles-approval-groups.component.html" path="C:\Users\IaKapanadze\Desktop\FrontX.Angular.DigitalUserManagement\apps\digital-user-management\src\app\features\user-management\roles\components\roles-approval-groups\roles-approval-groups.component.html">
        <metrics statements="1" coveredstatements="1" conditionals="0" coveredconditionals="0" methods="0" coveredmethods="0"/>
        <line num="1" count="2" type="stmt"/>
      </file>
      <file name="roles-approval-groups.component.ts" path="C:\Users\IaKapanadze\Desktop\FrontX.Angular.DigitalUserManagement\apps\digital-user-management\src\app\features\user-management\roles\components\roles-approval-groups\roles-approval-groups.component.ts">
        <metrics statements="25" coveredstatements="25" conditionals="3" coveredconditionals="3" methods="4" coveredmethods="4"/>
        <line num="1" count="2" type="stmt"/>
        <line num="2" count="2" type="stmt"/>
        <line num="4" count="2" type="stmt"/>
        <line num="5" count="2" type="stmt"/>
        <line num="6" count="2" type="stmt"/>
        <line num="7" count="2" type="stmt"/>
        <line num="8" count="2" type="stmt"/>
        <line num="15" count="2" type="stmt"/>
        <line num="16" count="5" type="stmt"/>
        <line num="17" count="5" type="stmt"/>
        <line num="18" count="5" type="stmt"/>
        <line num="19" count="5" type="stmt"/>
        <line num="22" count="5" type="stmt"/>
        <line num="23" count="5" type="stmt"/>
        <line num="24" count="5" type="stmt"/>
        <line num="25" count="5" type="stmt"/>
        <line num="26" count="5" type="stmt"/>
        <line num="29" count="6" type="stmt"/>
        <line num="30" count="6" type="cond" truecount="1" falsecount="0"/>
        <line num="31" count="1" type="stmt"/>
        <line num="32" count="1" type="stmt"/>
        <line num="37" count="3" type="stmt"/>
        <line num="38" count="3" type="cond" truecount="2" falsecount="0"/>
        <line num="39" count="3" type="stmt"/>
        <line num="43" count="5" type="stmt"/>
      </file>
    </package>
    <package name="digital-user-management.src.app.features.user-management.roles.components.roles-details">
      <metrics statements="13" coveredstatements="13" conditionals="0" coveredconditionals="0" methods="3" coveredmethods="3"/>
      <file name="roles-details.component.html" path="C:\Users\IaKapanadze\Desktop\FrontX.Angular.DigitalUserManagement\apps\digital-user-management\src\app\features\user-management\roles\components\roles-details\roles-details.component.html">
        <metrics statements="1" coveredstatements="1" conditionals="0" coveredconditionals="0" methods="0" coveredmethods="0"/>
        <line num="1" count="1" type="stmt"/>
      </file>
      <file name="roles-details.component.ts" path="C:\Users\IaKapanadze\Desktop\FrontX.Angular.DigitalUserManagement\apps\digital-user-management\src\app\features\user-management\roles\components\roles-details\roles-details.component.ts">
        <metrics statements="12" coveredstatements="12" conditionals="0" coveredconditionals="0" methods="3" coveredmethods="3"/>
        <line num="1" count="1" type="stmt"/>
        <line num="3" count="1" type="stmt"/>
        <line num="4" count="1" type="stmt"/>
        <line num="5" count="1" type="stmt"/>
        <line num="12" count="1" type="stmt"/>
        <line num="14" count="2" type="stmt"/>
        <line num="15" count="2" type="stmt"/>
        <line num="18" count="2" type="stmt"/>
        <line num="19" count="2" type="stmt"/>
        <line num="20" count="2" type="stmt"/>
        <line num="27" count="1" type="stmt"/>
        <line num="28" count="1" type="stmt"/>
      </file>
    </package>
    <package name="digital-user-management.src.app.features.user-management.roles.components.roles-limits">
      <metrics statements="83" coveredstatements="77" conditionals="23" coveredconditionals="22" methods="24" coveredmethods="23"/>
      <file name="roles-limits.component.html" path="C:\Users\IaKapanadze\Desktop\FrontX.Angular.DigitalUserManagement\apps\digital-user-management\src\app\features\user-management\roles\components\roles-limits\roles-limits.component.html">
        <metrics statements="1" coveredstatements="1" conditionals="0" coveredconditionals="0" methods="0" coveredmethods="0"/>
        <line num="1" count="1" type="stmt"/>
      </file>
      <file name="roles-limits.component.ts" path="C:\Users\IaKapanadze\Desktop\FrontX.Angular.DigitalUserManagement\apps\digital-user-management\src\app\features\user-management\roles\components\roles-limits\roles-limits.component.ts">
        <metrics statements="82" coveredstatements="76" conditionals="23" coveredconditionals="22" methods="24" coveredmethods="23"/>
        <line num="1" count="1" type="stmt"/>
        <line num="3" count="1" type="stmt"/>
        <line num="4" count="1" type="stmt"/>
        <line num="5" count="1" type="stmt"/>
        <line num="6" count="1" type="stmt"/>
        <line num="7" count="1" type="stmt"/>
        <line num="8" count="1" type="stmt"/>
        <line num="9" count="1" type="stmt"/>
        <line num="10" count="1" type="stmt"/>
        <line num="11" count="1" type="stmt"/>
        <line num="12" count="1" type="stmt"/>
        <line num="13" count="1" type="stmt"/>
        <line num="14" count="1" type="stmt"/>
        <line num="15" count="1" type="stmt"/>
        <line num="22" count="1" type="stmt"/>
        <line num="24" count="14" type="stmt"/>
        <line num="27" count="14" type="stmt"/>
        <line num="28" count="14" type="stmt"/>
        <line num="29" count="14" type="stmt"/>
        <line num="30" count="14" type="stmt"/>
        <line num="31" count="14" type="stmt"/>
        <line num="34" count="14" type="stmt"/>
        <line num="35" count="14" type="stmt"/>
        <line num="36" count="14" type="stmt"/>
        <line num="37" count="14" type="stmt"/>
        <line num="39" count="14" type="stmt"/>
        <line num="40" count="14" type="stmt"/>
        <line num="41" count="14" type="stmt"/>
        <line num="42" count="14" type="stmt"/>
        <line num="43" count="14" type="stmt"/>
        <line num="44" count="14" type="stmt"/>
        <line num="45" count="14" type="stmt"/>
        <line num="46" count="14" type="stmt"/>
        <line num="47" count="14" type="stmt"/>
        <line num="48" count="14" type="stmt"/>
        <line num="51" count="21" type="cond" truecount="2" falsecount="0"/>
        <line num="53" count="21" type="stmt"/>
        <line num="55" count="21" type="cond" truecount="4" falsecount="0"/>
        <line num="57" count="21" type="stmt"/>
        <line num="59" count="21" type="stmt"/>
        <line num="62" count="21" type="stmt"/>
        <line num="63" count="21" type="stmt"/>
        <line num="68" count="21" type="stmt"/>
        <line num="73" count="22" type="cond" truecount="1" falsecount="0"/>
        <line num="74" count="2" type="stmt"/>
        <line num="80" count="21" type="cond" truecount="4" falsecount="0"/>
        <line num="81" count="1" type="stmt"/>
        <line num="85" count="21" type="stmt"/>
        <line num="88" count="21" type="stmt"/>
        <line num="95" count="1" type="stmt"/>
        <line num="98" count="1" type="stmt"/>
        <line num="103" count="1" type="stmt"/>
        <line num="107" count="2" type="stmt"/>
        <line num="114" count="2" type="stmt"/>
        <line num="116" count="2" type="stmt"/>
        <line num="120" count="3" type="cond" truecount="3" falsecount="0"/>
        <line num="121" count="1" type="stmt"/>
        <line num="126" count="0" type="stmt"/>
        <line num="127" count="0" type="stmt"/>
        <line num="128" count="0" type="stmt"/>
        <line num="132" count="6" type="cond" truecount="1" falsecount="0"/>
        <line num="133" count="1" type="stmt"/>
        <line num="136" count="5" type="stmt"/>
        <line num="138" count="5" type="cond" truecount="6" falsecount="0"/>
        <line num="139" count="5" type="stmt"/>
        <line num="144" count="5" type="stmt"/>
        <line num="145" count="0" type="stmt"/>
        <line num="149" count="5" type="stmt"/>
        <line num="150" count="0" type="stmt"/>
        <line num="151" count="0" type="stmt"/>
        <line num="154" count="5" type="stmt"/>
        <line num="159" count="19" type="stmt"/>
        <line num="161" count="19" type="stmt"/>
        <line num="162" count="19" type="stmt"/>
        <line num="171" count="55" type="stmt"/>
        <line num="174" count="301" type="stmt"/>
        <line num="178" count="2" type="stmt"/>
        <line num="181" count="14" type="stmt"/>
        <line num="182" count="14" type="stmt"/>
        <line num="183" count="14" type="stmt"/>
        <line num="184" count="14" type="stmt"/>
        <line num="185" count="14" type="stmt"/>
      </file>
    </package>
    <package name="digital-user-management.src.app.features.user-management.roles.components.roles-list">
      <metrics statements="55" coveredstatements="54" conditionals="8" coveredconditionals="6" methods="17" coveredmethods="16"/>
      <file name="roles-list.component.html" path="C:\Users\IaKapanadze\Desktop\FrontX.Angular.DigitalUserManagement\apps\digital-user-management\src\app\features\user-management\roles\components\roles-list\roles-list.component.html">
        <metrics statements="1" coveredstatements="1" conditionals="0" coveredconditionals="0" methods="0" coveredmethods="0"/>
        <line num="1" count="1" type="stmt"/>
      </file>
      <file name="roles-list.component.ts" path="C:\Users\IaKapanadze\Desktop\FrontX.Angular.DigitalUserManagement\apps\digital-user-management\src\app\features\user-management\roles\components\roles-list\roles-list.component.ts">
        <metrics statements="54" coveredstatements="53" conditionals="8" coveredconditionals="6" methods="17" coveredmethods="16"/>
        <line num="1" count="1" type="stmt"/>
        <line num="2" count="1" type="stmt"/>
        <line num="4" count="1" type="stmt"/>
        <line num="5" count="1" type="stmt"/>
        <line num="6" count="1" type="stmt"/>
        <line num="7" count="1" type="stmt"/>
        <line num="8" count="1" type="stmt"/>
        <line num="9" count="1" type="stmt"/>
        <line num="10" count="1" type="stmt"/>
        <line num="20" count="1" type="stmt"/>
        <line num="23" count="8" type="stmt"/>
        <line num="24" count="8" type="stmt"/>
        <line num="25" count="8" type="stmt"/>
        <line num="26" count="8" type="stmt"/>
        <line num="27" count="8" type="stmt"/>
        <line num="28" count="8" type="stmt"/>
        <line num="29" count="8" type="stmt"/>
        <line num="30" count="8" type="stmt"/>
        <line num="33" count="8" type="stmt"/>
        <line num="34" count="8" type="stmt"/>
        <line num="35" count="8" type="stmt"/>
        <line num="36" count="8" type="stmt"/>
        <line num="37" count="8" type="stmt"/>
        <line num="38" count="8" type="stmt"/>
        <line num="41" count="8" type="stmt"/>
        <line num="44" count="9" type="stmt"/>
        <line num="46" count="9" type="stmt"/>
        <line num="49" count="9" type="stmt"/>
        <line num="50" count="9" type="stmt"/>
        <line num="51" count="9" type="stmt"/>
        <line num="52" count="9" type="stmt"/>
        <line num="53" count="9" type="stmt"/>
        <line num="57" count="9" type="stmt"/>
        <line num="63" count="2" type="cond" truecount="2" falsecount="0"/>
        <line num="64" count="1" type="stmt"/>
        <line num="67" count="1" type="stmt"/>
        <line num="72" count="1" type="stmt"/>
        <line num="77" count="2" type="stmt"/>
        <line num="78" count="2" type="stmt"/>
        <line num="79" count="2" type="stmt"/>
        <line num="81" count="1" type="stmt"/>
        <line num="82" count="1" type="cond" truecount="2" falsecount="2"/>
        <line num="84" count="1" type="stmt"/>
        <line num="88" count="2" type="stmt"/>
        <line num="90" count="2" type="stmt"/>
        <line num="93" count="1" type="stmt"/>
        <line num="94" count="1" type="stmt"/>
        <line num="98" count="2" type="stmt"/>
        <line num="99" count="0" type="stmt"/>
        <line num="102" count="2" type="stmt"/>
        <line num="108" count="3" type="stmt"/>
        <line num="109" count="3" type="cond" truecount="2" falsecount="0"/>
        <line num="110" count="3" type="stmt"/>
        <line num="114" count="8" type="stmt"/>
      </file>
    </package>
    <package name="digital-user-management.src.app.features.user-management.roles.services">
      <metrics statements="28" coveredstatements="28" conditionals="0" coveredconditionals="0" methods="6" coveredmethods="6"/>
      <file name="roles.service.ts" path="C:\Users\IaKapanadze\Desktop\FrontX.Angular.DigitalUserManagement\apps\digital-user-management\src\app\features\user-management\roles\services\roles.service.ts">
        <metrics statements="28" coveredstatements="28" conditionals="0" coveredconditionals="0" methods="6" coveredmethods="6"/>
        <line num="1" count="8" type="stmt"/>
        <line num="2" count="8" type="stmt"/>
        <line num="4" count="8" type="stmt"/>
        <line num="5" count="8" type="stmt"/>
        <line num="6" count="8" type="stmt"/>
        <line num="7" count="8" type="stmt"/>
        <line num="12" count="8" type="stmt"/>
        <line num="13" count="22" type="stmt"/>
        <line num="14" count="22" type="stmt"/>
        <line num="15" count="22" type="stmt"/>
        <line num="16" count="22" type="stmt"/>
        <line num="17" count="22" type="stmt"/>
        <line num="19" count="22" type="stmt"/>
        <line num="20" count="22" type="stmt"/>
        <line num="25" count="1" type="stmt"/>
        <line num="29" count="1" type="stmt"/>
        <line num="30" count="1" type="stmt"/>
        <line num="32" count="1" type="stmt"/>
        <line num="36" count="6" type="stmt"/>
        <line num="38" count="6" type="stmt"/>
        <line num="39" count="6" type="stmt"/>
        <line num="41" count="6" type="stmt"/>
        <line num="45" count="1" type="stmt"/>
        <line num="46" count="1" type="stmt"/>
        <line num="48" count="1" type="stmt"/>
        <line num="52" count="1" type="stmt"/>
        <line num="53" count="1" type="stmt"/>
        <line num="55" count="1" type="stmt"/>
      </file>
    </package>
    <package name="digital-user-management.src.app.features.user-management.shared">
      <metrics statements="46" coveredstatements="43" conditionals="26" coveredconditionals="22" methods="11" coveredmethods="9"/>
      <file name="abstract-dropdown.component.ts" path="C:\Users\IaKapanadze\Desktop\FrontX.Angular.DigitalUserManagement\apps\digital-user-management\src\app\features\user-management\shared\abstract-dropdown.component.ts">
        <metrics statements="34" coveredstatements="32" conditionals="15" coveredconditionals="12" methods="7" coveredmethods="6"/>
        <line num="1" count="2" type="stmt"/>
        <line num="2" count="2" type="stmt"/>
        <line num="3" count="2" type="stmt"/>
        <line num="4" count="2" type="stmt"/>
        <line num="13" count="2" type="stmt"/>
        <line num="14" count="8" type="stmt"/>
        <line num="15" count="8" type="stmt"/>
        <line num="16" count="8" type="stmt"/>
        <line num="17" count="8" type="stmt"/>
        <line num="18" count="8" type="stmt"/>
        <line num="19" count="8" type="stmt"/>
        <line num="20" count="8" type="stmt"/>
        <line num="21" count="8" type="stmt"/>
        <line num="22" count="8" type="stmt"/>
        <line num="24" count="1" type="cond" truecount="1" falsecount="0"/>
        <line num="25" count="1" type="cond" truecount="6" falsecount="1"/>
        <line num="26" count="1" type="stmt"/>
        <line num="27" count="1" type="stmt"/>
        <line num="28" count="1" type="stmt"/>
        <line num="29" count="1" type="stmt"/>
        <line num="32" count="0" type="cond" truecount="0" falsecount="2"/>
        <line num="35" count="2" type="stmt"/>
        <line num="36" count="2" type="stmt"/>
        <line num="43" count="4" type="stmt"/>
        <line num="44" count="4" type="stmt"/>
        <line num="45" count="4" type="stmt"/>
        <line num="46" count="4" type="stmt"/>
        <line num="47" count="0" type="stmt"/>
        <line num="49" count="4" type="stmt"/>
        <line num="52" count="5" type="stmt"/>
        <line num="53" count="5" type="cond" truecount="1" falsecount="0"/>
        <line num="54" count="4" type="cond" truecount="2" falsecount="0"/>
        <line num="61" count="8" type="stmt"/>
        <line num="62" count="8" type="stmt"/>
      </file>
      <file name="abstract-form.component.ts" path="C:\Users\IaKapanadze\Desktop\FrontX.Angular.DigitalUserManagement\apps\digital-user-management\src\app\features\user-management\shared\abstract-form.component.ts">
        <metrics statements="12" coveredstatements="11" conditionals="11" coveredconditionals="10" methods="4" coveredmethods="3"/>
        <line num="1" count="3" type="stmt"/>
        <line num="2" count="3" type="stmt"/>
        <line num="5" count="3" type="stmt"/>
        <line num="8" count="9" type="stmt"/>
        <line num="11" count="9" type="stmt"/>
        <line num="12" count="9" type="stmt"/>
        <line num="15" count="5" type="cond" truecount="3" falsecount="0"/>
        <line num="16" count="1" type="stmt"/>
        <line num="17" count="1" type="cond" truecount="2" falsecount="0"/>
        <line num="19" count="4" type="stmt"/>
        <line num="22" count="18" type="cond" truecount="5" falsecount="1"/>
        <line num="25" count="0" type="stmt"/>
      </file>
    </package>
    <package name="digital-user-management.src.app.features.user-management.shared.components.confirmation-popup">
      <metrics statements="12" coveredstatements="12" conditionals="0" coveredconditionals="0" methods="4" coveredmethods="4"/>
      <file name="confirmation-popup.component.html" path="C:\Users\IaKapanadze\Desktop\FrontX.Angular.DigitalUserManagement\apps\digital-user-management\src\app\features\user-management\shared\components\confirmation-popup\confirmation-popup.component.html">
        <metrics statements="1" coveredstatements="1" conditionals="0" coveredconditionals="0" methods="0" coveredmethods="0"/>
        <line num="1" count="3" type="stmt"/>
      </file>
      <file name="confirmation-popup.component.ts" path="C:\Users\IaKapanadze\Desktop\FrontX.Angular.DigitalUserManagement\apps\digital-user-management\src\app\features\user-management\shared\components\confirmation-popup\confirmation-popup.component.ts">
        <metrics statements="11" coveredstatements="11" conditionals="0" coveredconditionals="0" methods="4" coveredmethods="4"/>
        <line num="1" count="3" type="stmt"/>
        <line num="2" count="3" type="stmt"/>
        <line num="3" count="3" type="stmt"/>
        <line num="4" count="3" type="stmt"/>
        <line num="11" count="3" type="stmt"/>
        <line num="14" count="4" type="stmt"/>
        <line num="15" count="4" type="stmt"/>
        <line num="16" count="4" type="stmt"/>
        <line num="17" count="4" type="stmt"/>
        <line num="24" count="1" type="stmt"/>
        <line num="28" count="1" type="stmt"/>
      </file>
    </package>
    <package name="digital-user-management.src.app.features.user-management.shared.components.list-error">
      <metrics statements="7" coveredstatements="7" conditionals="0" coveredconditionals="0" methods="2" coveredmethods="2"/>
      <file name="list-error.component.html" path="C:\Users\IaKapanadze\Desktop\FrontX.Angular.DigitalUserManagement\apps\digital-user-management\src\app\features\user-management\shared\components\list-error\list-error.component.html">
        <metrics statements="1" coveredstatements="1" conditionals="0" coveredconditionals="0" methods="0" coveredmethods="0"/>
        <line num="1" count="1" type="stmt"/>
      </file>
      <file name="list-error.component.ts" path="C:\Users\IaKapanadze\Desktop\FrontX.Angular.DigitalUserManagement\apps\digital-user-management\src\app\features\user-management\shared\components\list-error\list-error.component.ts">
        <metrics statements="6" coveredstatements="6" conditionals="0" coveredconditionals="0" methods="2" coveredmethods="2"/>
        <line num="1" count="1" type="stmt"/>
        <line num="2" count="1" type="stmt"/>
        <line num="9" count="1" type="stmt"/>
        <line num="11" count="1" type="stmt"/>
        <line num="12" count="1" type="stmt"/>
        <line num="13" count="1" type="stmt"/>
      </file>
    </package>
    <package name="digital-user-management.src.app.features.user-management.shared.components.list-menu">
      <metrics statements="15" coveredstatements="15" conditionals="0" coveredconditionals="0" methods="2" coveredmethods="2"/>
      <file name="list-menu.component.html" path="C:\Users\IaKapanadze\Desktop\FrontX.Angular.DigitalUserManagement\apps\digital-user-management\src\app\features\user-management\shared\components\list-menu\list-menu.component.html">
        <metrics statements="1" coveredstatements="1" conditionals="0" coveredconditionals="0" methods="0" coveredmethods="0"/>
        <line num="1" count="1" type="stmt"/>
      </file>
      <file name="list-menu.component.ts" path="C:\Users\IaKapanadze\Desktop\FrontX.Angular.DigitalUserManagement\apps\digital-user-management\src\app\features\user-management\shared\components\list-menu\list-menu.component.ts">
        <metrics statements="14" coveredstatements="14" conditionals="0" coveredconditionals="0" methods="2" coveredmethods="2"/>
        <line num="1" count="1" type="stmt"/>
        <line num="9" count="1" type="stmt"/>
        <line num="11" count="1" type="stmt"/>
        <line num="12" count="1" type="stmt"/>
        <line num="13" count="1" type="stmt"/>
        <line num="14" count="1" type="stmt"/>
        <line num="15" count="1" type="stmt"/>
        <line num="16" count="1" type="stmt"/>
        <line num="17" count="1" type="stmt"/>
        <line num="18" count="1" type="stmt"/>
        <line num="19" count="1" type="stmt"/>
        <line num="20" count="1" type="stmt"/>
        <line num="21" count="1" type="stmt"/>
        <line num="22" count="1" type="stmt"/>
      </file>
    </package>
    <package name="digital-user-management.src.app.features.user-management.shared.components.multiselect">
      <metrics statements="15" coveredstatements="13" conditionals="0" coveredconditionals="0" methods="5" coveredmethods="3"/>
      <file name="multiselect.component.html" path="C:\Users\IaKapanadze\Desktop\FrontX.Angular.DigitalUserManagement\apps\digital-user-management\src\app\features\user-management\shared\components\multiselect\multiselect.component.html">
        <metrics statements="1" coveredstatements="1" conditionals="0" coveredconditionals="0" methods="0" coveredmethods="0"/>
        <line num="1" count="1" type="stmt"/>
      </file>
      <file name="multiselect.component.ts" path="C:\Users\IaKapanadze\Desktop\FrontX.Angular.DigitalUserManagement\apps\digital-user-management\src\app\features\user-management\shared\components\multiselect\multiselect.component.ts">
        <metrics statements="14" coveredstatements="12" conditionals="0" coveredconditionals="0" methods="5" coveredmethods="3"/>
        <line num="1" count="1" type="stmt"/>
        <line num="2" count="1" type="stmt"/>
        <line num="3" count="1" type="stmt"/>
        <line num="4" count="1" type="stmt"/>
        <line num="11" count="1" type="stmt"/>
        <line num="12" count="2" type="stmt"/>
        <line num="13" count="2" type="stmt"/>
        <line num="14" count="2" type="stmt"/>
        <line num="15" count="2" type="stmt"/>
        <line num="16" count="2" type="stmt"/>
        <line num="17" count="2" type="stmt"/>
        <line num="21" count="0" type="stmt"/>
        <line num="22" count="0" type="stmt"/>
        <line num="25" count="1" type="stmt"/>
      </file>
    </package>
    <package name="digital-user-management.src.app.features.user-management.shared.components.notifications">
      <metrics statements="10" coveredstatements="9" conditionals="0" coveredconditionals="0" methods="3" coveredmethods="2"/>
      <file name="notifications.component.html" path="C:\Users\IaKapanadze\Desktop\FrontX.Angular.DigitalUserManagement\apps\digital-user-management\src\app\features\user-management\shared\components\notifications\notifications.component.html">
        <metrics statements="1" coveredstatements="1" conditionals="0" coveredconditionals="0" methods="0" coveredmethods="0"/>
        <line num="1" count="14" type="stmt"/>
      </file>
      <file name="notifications.component.ts" path="C:\Users\IaKapanadze\Desktop\FrontX.Angular.DigitalUserManagement\apps\digital-user-management\src\app\features\user-management\shared\components\notifications\notifications.component.ts">
        <metrics statements="9" coveredstatements="8" conditionals="0" coveredconditionals="0" methods="3" coveredmethods="2"/>
        <line num="1" count="14" type="stmt"/>
        <line num="2" count="14" type="stmt"/>
        <line num="3" count="14" type="stmt"/>
        <line num="10" count="14" type="stmt"/>
        <line num="13" count="1" type="stmt"/>
        <line num="14" count="1" type="stmt"/>
        <line num="15" count="1" type="stmt"/>
        <line num="16" count="1" type="stmt"/>
        <line num="23" count="0" type="stmt"/>
      </file>
    </package>
    <package name="digital-user-management.src.app.features.user-management.shared.components.usmng-input">
      <metrics statements="13" coveredstatements="13" conditionals="0" coveredconditionals="0" methods="2" coveredmethods="2"/>
      <file name="usmng-input.component.html" path="C:\Users\IaKapanadze\Desktop\FrontX.Angular.DigitalUserManagement\apps\digital-user-management\src\app\features\user-management\shared\components\usmng-input\usmng-input.component.html">
        <metrics statements="1" coveredstatements="1" conditionals="0" coveredconditionals="0" methods="0" coveredmethods="0"/>
        <line num="1" count="1" type="stmt"/>
      </file>
      <file name="usmng-input.component.ts" path="C:\Users\IaKapanadze\Desktop\FrontX.Angular.DigitalUserManagement\apps\digital-user-management\src\app\features\user-management\shared\components\usmng-input\usmng-input.component.ts">
        <metrics statements="12" coveredstatements="12" conditionals="0" coveredconditionals="0" methods="2" coveredmethods="2"/>
        <line num="1" count="1" type="stmt"/>
        <line num="2" count="1" type="stmt"/>
        <line num="3" count="1" type="stmt"/>
        <line num="4" count="1" type="stmt"/>
        <line num="11" count="1" type="stmt"/>
        <line num="12" count="1" type="stmt"/>
        <line num="13" count="1" type="stmt"/>
        <line num="15" count="1" type="stmt"/>
        <line num="16" count="1" type="stmt"/>
        <line num="17" count="1" type="stmt"/>
        <line num="18" count="1" type="stmt"/>
        <line num="19" count="1" type="stmt"/>
      </file>
    </package>
    <package name="digital-user-management.src.app.features.user-management.shared.components.usmng-tabs">
      <metrics statements="28" coveredstatements="24" conditionals="2" coveredconditionals="1" methods="7" coveredmethods="6"/>
      <file name="usmng-tabs.component.html" path="C:\Users\IaKapanadze\Desktop\FrontX.Angular.DigitalUserManagement\apps\digital-user-management\src\app\features\user-management\shared\components\usmng-tabs\usmng-tabs.component.html">
        <metrics statements="1" coveredstatements="1" conditionals="0" coveredconditionals="0" methods="0" coveredmethods="0"/>
        <line num="1" count="1" type="stmt"/>
      </file>
      <file name="usmng-tabs.component.ts" path="C:\Users\IaKapanadze\Desktop\FrontX.Angular.DigitalUserManagement\apps\digital-user-management\src\app\features\user-management\shared\components\usmng-tabs\usmng-tabs.component.ts">
        <metrics statements="27" coveredstatements="23" conditionals="2" coveredconditionals="1" methods="7" coveredmethods="6"/>
        <line num="1" count="1" type="stmt"/>
        <line num="2" count="1" type="stmt"/>
        <line num="3" count="1" type="stmt"/>
        <line num="4" count="1" type="stmt"/>
        <line num="5" count="1" type="stmt"/>
        <line num="6" count="1" type="stmt"/>
        <line num="7" count="1" type="stmt"/>
        <line num="14" count="1" type="stmt"/>
        <line num="15" count="2" type="stmt"/>
        <line num="16" count="2" type="stmt"/>
        <line num="17" count="2" type="stmt"/>
        <line num="20" count="2" type="stmt"/>
        <line num="21" count="2" type="stmt"/>
        <line num="22" count="2" type="stmt"/>
        <line num="23" count="2" type="stmt"/>
        <line num="24" count="2" type="stmt"/>
        <line num="25" count="2" type="stmt"/>
        <line num="28" count="3" type="stmt"/>
        <line num="30" count="12" type="cond" truecount="1" falsecount="0"/>
        <line num="31" count="1" type="stmt"/>
        <line num="38" count="0" type="stmt"/>
        <line num="39" count="0" type="stmt"/>
        <line num="41" count="0" type="cond" truecount="0" falsecount="1"/>
        <line num="42" count="0" type="stmt"/>
        <line num="47" count="4" type="stmt"/>
        <line num="51" count="4" type="stmt"/>
        <line num="55" count="4" type="stmt"/>
      </file>
    </package>
    <package name="digital-user-management.src.app.features.user-management.shared.components.validation-message">
      <metrics statements="7" coveredstatements="7" conditionals="6" coveredconditionals="5" methods="2" coveredmethods="2"/>
      <file name="validation-message.component.html" path="C:\Users\IaKapanadze\Desktop\FrontX.Angular.DigitalUserManagement\apps\digital-user-management\src\app\features\user-management\shared\components\validation-message\validation-message.component.html">
        <metrics statements="1" coveredstatements="1" conditionals="0" coveredconditionals="0" methods="0" coveredmethods="0"/>
        <line num="1" count="1" type="stmt"/>
      </file>
      <file name="validation-message.component.ts" path="C:\Users\IaKapanadze\Desktop\FrontX.Angular.DigitalUserManagement\apps\digital-user-management\src\app\features\user-management\shared\components\validation-message\validation-message.component.ts">
        <metrics statements="6" coveredstatements="6" conditionals="6" coveredconditionals="5" methods="2" coveredmethods="2"/>
        <line num="1" count="1" type="stmt"/>
        <line num="2" count="1" type="stmt"/>
        <line num="9" count="1" type="stmt"/>
        <line num="17" count="1" type="stmt"/>
        <line num="19" count="1" type="stmt"/>
        <line num="22" count="2" type="stmt"/>
      </file>
    </package>
    <package name="digital-user-management.src.app.features.user-management.shared.enums">
      <metrics statements="13" coveredstatements="13" conditionals="6" coveredconditionals="6" methods="3" coveredmethods="3"/>
      <file name="shared.enums.ts" path="C:\Users\IaKapanadze\Desktop\FrontX.Angular.DigitalUserManagement\apps\digital-user-management\src\app\features\user-management\shared\enums\shared.enums.ts">
        <metrics statements="13" coveredstatements="13" conditionals="6" coveredconditionals="6" methods="3" coveredmethods="3"/>
        <line num="1" count="24" type="cond" truecount="2" falsecount="0"/>
        <line num="2" count="24" type="stmt"/>
        <line num="3" count="24" type="stmt"/>
        <line num="4" count="24" type="stmt"/>
        <line num="5" count="24" type="stmt"/>
        <line num="8" count="24" type="cond" truecount="2" falsecount="0"/>
        <line num="9" count="24" type="stmt"/>
        <line num="10" count="24" type="stmt"/>
        <line num="13" count="24" type="cond" truecount="2" falsecount="0"/>
        <line num="14" count="24" type="stmt"/>
        <line num="15" count="24" type="stmt"/>
        <line num="16" count="24" type="stmt"/>
        <line num="17" count="24" type="stmt"/>
      </file>
    </package>
    <package name="digital-user-management.src.app.features.user-management.shared.services.dictionaries">
      <metrics statements="23" coveredstatements="21" conditionals="7" coveredconditionals="5" methods="6" coveredmethods="5"/>
      <file name="dictionaries.service.ts" path="C:\Users\IaKapanadze\Desktop\FrontX.Angular.DigitalUserManagement\apps\digital-user-management\src\app\features\user-management\shared\services\dictionaries\dictionaries.service.ts">
        <metrics statements="23" coveredstatements="21" conditionals="7" coveredconditionals="5" methods="6" coveredmethods="5"/>
        <line num="1" count="10" type="stmt"/>
        <line num="2" count="10" type="stmt"/>
        <line num="4" count="10" type="stmt"/>
        <line num="6" count="10" type="stmt"/>
        <line num="7" count="10" type="stmt"/>
        <line num="12" count="10" type="stmt"/>
        <line num="13" count="40" type="stmt"/>
        <line num="14" count="40" type="stmt"/>
        <line num="16" count="40" type="stmt"/>
        <line num="17" count="40" type="stmt"/>
        <line num="21" count="1" type="stmt"/>
        <line num="26" count="2" type="stmt"/>
        <line num="28" count="2" type="cond" truecount="1" falsecount="0"/>
        <line num="29" count="1" type="stmt"/>
        <line num="32" count="2" type="cond" truecount="1" falsecount="0"/>
        <line num="33" count="1" type="stmt"/>
        <line num="36" count="2" type="cond" truecount="3" falsecount="1"/>
        <line num="39" count="2" type="stmt"/>
        <line num="42" count="1" type="stmt"/>
        <line num="46" count="21" type="cond" truecount="0" falsecount="1"/>
        <line num="47" count="0" type="stmt"/>
        <line num="49" count="21" type="stmt"/>
        <line num="50" count="0" type="stmt"/>
      </file>
    </package>
    <package name="digital-user-management.src.app.features.user-management.shared.services.loading">
      <metrics statements="6" coveredstatements="6" conditionals="0" coveredconditionals="0" methods="3" coveredmethods="3"/>
      <file name="loading.service.ts" path="C:\Users\IaKapanadze\Desktop\FrontX.Angular.DigitalUserManagement\apps\digital-user-management\src\app\features\user-management\shared\services\loading\loading.service.ts">
        <metrics statements="6" coveredstatements="6" conditionals="0" coveredconditionals="0" methods="3" coveredmethods="3"/>
        <line num="1" count="12" type="stmt"/>
        <line num="2" count="12" type="stmt"/>
        <line num="7" count="12" type="stmt"/>
        <line num="9" count="78" type="stmt"/>
        <line num="12" count="59" type="stmt"/>
        <line num="16" count="42" type="stmt"/>
      </file>
    </package>
    <package name="digital-user-management.src.app.features.user-management.shared.services.notifications">
      <metrics statements="7" coveredstatements="7" conditionals="4" coveredconditionals="4" methods="3" coveredmethods="3"/>
      <file name="notifications.service.ts" path="C:\Users\IaKapanadze\Desktop\FrontX.Angular.DigitalUserManagement\apps\digital-user-management\src\app\features\user-management\shared\services\notifications\notifications.service.ts">
        <metrics statements="7" coveredstatements="7" conditionals="4" coveredconditionals="4" methods="3" coveredmethods="3"/>
        <line num="1" count="13" type="stmt"/>
        <line num="2" count="13" type="stmt"/>
        <line num="3" count="13" type="stmt"/>
        <line num="8" count="13" type="stmt"/>
        <line num="11" count="98" type="stmt"/>
        <line num="15" count="16" type="stmt"/>
        <line num="29" count="22" type="stmt"/>
      </file>
    </package>
    <package name="digital-user-management.src.app.features.user-management.shared.services.shared">
      <metrics statements="19" coveredstatements="12" conditionals="7" coveredconditionals="4" methods="4" coveredmethods="3"/>
      <file name="shared.service.ts" path="C:\Users\IaKapanadze\Desktop\FrontX.Angular.DigitalUserManagement\apps\digital-user-management\src\app\features\user-management\shared\services\shared\shared.service.ts">
        <metrics statements="19" coveredstatements="12" conditionals="7" coveredconditionals="4" methods="4" coveredmethods="3"/>
        <line num="1" count="13" type="stmt"/>
        <line num="3" count="13" type="stmt"/>
        <line num="4" count="13" type="stmt"/>
        <line num="9" count="13" type="stmt"/>
        <line num="10" count="107" type="stmt"/>
        <line num="11" count="107" type="stmt"/>
        <line num="16" count="34" type="cond" truecount="0" falsecount="1"/>
        <line num="17" count="0" type="stmt"/>
        <line num="18" count="0" type="stmt"/>
        <line num="19" count="0" type="stmt"/>
        <line num="20" count="0" type="stmt"/>
        <line num="21" count="0" type="stmt"/>
        <line num="22" count="0" type="cond" truecount="0" falsecount="2"/>
        <line num="23" count="0" type="stmt"/>
        <line num="29" count="4" type="cond" truecount="4" falsecount="0"/>
        <line num="31" count="1" type="stmt"/>
        <line num="34" count="1" type="stmt"/>
        <line num="37" count="1" type="stmt"/>
        <line num="39" count="1" type="stmt"/>
      </file>
    </package>
    <package name="digital-user-management.src.app.features.user-management.signing-rules">
      <metrics statements="33" coveredstatements="33" conditionals="2" coveredconditionals="2" methods="14" coveredmethods="14"/>
      <file name="signing-rules.component.html" path="C:\Users\IaKapanadze\Desktop\FrontX.Angular.DigitalUserManagement\apps\digital-user-management\src\app\features\user-management\signing-rules\signing-rules.component.html">
        <metrics statements="1" coveredstatements="1" conditionals="0" coveredconditionals="0" methods="0" coveredmethods="0"/>
        <line num="1" count="1" type="stmt"/>
      </file>
      <file name="signing-rules.component.ts" path="C:\Users\IaKapanadze\Desktop\FrontX.Angular.DigitalUserManagement\apps\digital-user-management\src\app\features\user-management\signing-rules\signing-rules.component.ts">
        <metrics statements="32" coveredstatements="32" conditionals="2" coveredconditionals="2" methods="14" coveredmethods="14"/>
        <line num="1" count="1" type="stmt"/>
        <line num="3" count="1" type="stmt"/>
        <line num="4" count="1" type="stmt"/>
        <line num="5" count="1" type="stmt"/>
        <line num="6" count="1" type="stmt"/>
        <line num="7" count="1" type="stmt"/>
        <line num="8" count="1" type="stmt"/>
        <line num="15" count="1" type="stmt"/>
        <line num="17" count="8" type="stmt"/>
        <line num="19" count="8" type="stmt"/>
        <line num="20" count="8" type="stmt"/>
        <line num="21" count="8" type="stmt"/>
        <line num="22" count="8" type="stmt"/>
        <line num="23" count="8" type="stmt"/>
        <line num="27" count="8" type="stmt"/>
        <line num="30" count="9" type="cond" truecount="2" falsecount="0"/>
        <line num="34" count="8" type="stmt"/>
        <line num="37" count="11" type="stmt"/>
        <line num="40" count="8" type="stmt"/>
        <line num="44" count="1" type="stmt"/>
        <line num="48" count="18" type="stmt"/>
        <line num="52" count="2" type="stmt"/>
        <line num="53" count="2" type="stmt"/>
        <line num="57" count="1" type="stmt"/>
        <line num="58" count="1" type="stmt"/>
        <line num="62" count="4" type="stmt"/>
        <line num="74" count="1" type="stmt"/>
        <line num="78" count="3" type="stmt"/>
        <line num="81" count="8" type="stmt"/>
        <line num="82" count="8" type="stmt"/>
        <line num="86" count="2" type="stmt"/>
        <line num="90" count="18" type="stmt"/>
      </file>
    </package>
    <package name="digital-user-management.src.app.features.user-management.signing-rules.components.operation-signers-edit">
      <metrics statements="50" coveredstatements="50" conditionals="10" coveredconditionals="9" methods="15" coveredmethods="15"/>
      <file name="operation-signers-edit.component.html" path="C:\Users\IaKapanadze\Desktop\FrontX.Angular.DigitalUserManagement\apps\digital-user-management\src\app\features\user-management\signing-rules\components\operation-signers-edit\operation-signers-edit.component.html">
        <metrics statements="1" coveredstatements="1" conditionals="0" coveredconditionals="0" methods="0" coveredmethods="0"/>
        <line num="1" count="2" type="stmt"/>
      </file>
      <file name="operation-signers-edit.component.ts" path="C:\Users\IaKapanadze\Desktop\FrontX.Angular.DigitalUserManagement\apps\digital-user-management\src\app\features\user-management\signing-rules\components\operation-signers-edit\operation-signers-edit.component.ts">
        <metrics statements="49" coveredstatements="49" conditionals="10" coveredconditionals="9" methods="15" coveredmethods="15"/>
        <line num="1" count="2" type="stmt"/>
        <line num="2" count="2" type="stmt"/>
        <line num="3" count="2" type="stmt"/>
        <line num="4" count="2" type="stmt"/>
        <line num="7" count="2" type="stmt"/>
        <line num="8" count="2" type="stmt"/>
        <line num="9" count="2" type="stmt"/>
        <line num="16" count="2" type="stmt"/>
        <line num="17" count="11" type="stmt"/>
        <line num="20" count="11" type="stmt"/>
        <line num="21" count="11" type="stmt"/>
        <line num="22" count="11" type="stmt"/>
        <line num="23" count="11" type="stmt"/>
        <line num="24" count="11" type="stmt"/>
        <line num="27" count="11" type="stmt"/>
        <line num="28" count="11" type="stmt"/>
        <line num="29" count="11" type="stmt"/>
        <line num="30" count="11" type="stmt"/>
        <line num="31" count="11" type="stmt"/>
        <line num="32" count="11" type="stmt"/>
        <line num="37" count="15" type="cond" truecount="2" falsecount="0"/>
        <line num="39" count="15" type="cond" truecount="2" falsecount="0"/>
        <line num="40" count="2" type="stmt"/>
        <line num="42" count="2" type="stmt"/>
        <line num="44" count="1" type="stmt"/>
        <line num="45" count="1" type="stmt"/>
        <line num="46" count="1" type="stmt"/>
        <line num="50" count="13" type="stmt"/>
        <line num="53" count="1" type="stmt"/>
        <line num="54" count="1" type="stmt"/>
        <line num="55" count="1" type="stmt"/>
        <line num="62" count="4" type="stmt"/>
        <line num="66" count="2" type="cond" truecount="1" falsecount="0"/>
        <line num="67" count="2" type="cond" truecount="2" falsecount="0"/>
        <line num="69" count="2" type="stmt"/>
        <line num="70" count="1" type="stmt"/>
        <line num="71" count="1" type="stmt"/>
        <line num="74" count="1" type="stmt"/>
        <line num="76" count="1" type="stmt"/>
        <line num="84" count="1" type="stmt"/>
        <line num="86" count="1" type="cond" truecount="1" falsecount="1"/>
        <line num="88" count="1" type="stmt"/>
        <line num="89" count="1" type="stmt"/>
        <line num="93" count="1" type="stmt"/>
        <line num="97" count="2" type="stmt"/>
        <line num="98" count="2" type="cond" truecount="1" falsecount="0"/>
        <line num="99" count="2" type="stmt"/>
        <line num="105" count="11" type="stmt"/>
        <line num="106" count="11" type="stmt"/>
      </file>
    </package>
    <package name="digital-user-management.src.app.features.user-management.signing-rules.components.rule-detail-update">
      <metrics statements="34" coveredstatements="34" conditionals="8" coveredconditionals="8" methods="8" coveredmethods="8"/>
      <file name="rule-detail-update.component.html" path="C:\Users\IaKapanadze\Desktop\FrontX.Angular.DigitalUserManagement\apps\digital-user-management\src\app\features\user-management\signing-rules\components\rule-detail-update\rule-detail-update.component.html">
        <metrics statements="1" coveredstatements="1" conditionals="0" coveredconditionals="0" methods="0" coveredmethods="0"/>
        <line num="1" count="2" type="stmt"/>
      </file>
      <file name="rule-detail-update.component.ts" path="C:\Users\IaKapanadze\Desktop\FrontX.Angular.DigitalUserManagement\apps\digital-user-management\src\app\features\user-management\signing-rules\components\rule-detail-update\rule-detail-update.component.ts">
        <metrics statements="33" coveredstatements="33" conditionals="8" coveredconditionals="8" methods="8" coveredmethods="8"/>
        <line num="1" count="2" type="stmt"/>
        <line num="2" count="2" type="stmt"/>
        <line num="3" count="2" type="stmt"/>
        <line num="4" count="2" type="stmt"/>
        <line num="12" count="2" type="stmt"/>
        <line num="14" count="7" type="stmt"/>
        <line num="15" count="7" type="stmt"/>
        <line num="16" count="7" type="stmt"/>
        <line num="17" count="7" type="stmt"/>
        <line num="18" count="7" type="stmt"/>
        <line num="24" count="7" type="stmt"/>
        <line num="26" count="7" type="stmt"/>
        <line num="27" count="7" type="stmt"/>
        <line num="31" count="8" type="stmt"/>
        <line num="32" count="8" type="cond" truecount="4" falsecount="0"/>
        <line num="33" count="1" type="stmt"/>
        <line num="34" count="1" type="stmt"/>
        <line num="35" count="1" type="stmt"/>
        <line num="37" count="8" type="stmt"/>
        <line num="41" count="2" type="cond" truecount="2" falsecount="0"/>
        <line num="42" count="2" type="stmt"/>
        <line num="46" count="1" type="stmt"/>
        <line num="50" count="8" type="stmt"/>
        <line num="55" count="8" type="stmt"/>
        <line num="61" count="7" type="stmt"/>
        <line num="62" count="7" type="stmt"/>
        <line num="66" count="2" type="stmt"/>
        <line num="67" count="2" type="cond" truecount="2" falsecount="0"/>
        <line num="68" count="1" type="stmt"/>
        <line num="69" count="1" type="stmt"/>
        <line num="70" count="1" type="stmt"/>
        <line num="73" count="1" type="stmt"/>
        <line num="74" count="1" type="stmt"/>
      </file>
    </package>
    <package name="digital-user-management.src.app.features.user-management.signing-rules.components.rules-details">
      <metrics statements="89" coveredstatements="87" conditionals="29" coveredconditionals="26" methods="20" coveredmethods="20"/>
      <file name="rules-details.component.html" path="C:\Users\IaKapanadze\Desktop\FrontX.Angular.DigitalUserManagement\apps\digital-user-management\src\app\features\user-management\signing-rules\components\rules-details\rules-details.component.html">
        <metrics statements="1" coveredstatements="1" conditionals="0" coveredconditionals="0" methods="0" coveredmethods="0"/>
        <line num="1" count="1" type="stmt"/>
      </file>
      <file name="rules-details.component.ts" path="C:\Users\IaKapanadze\Desktop\FrontX.Angular.DigitalUserManagement\apps\digital-user-management\src\app\features\user-management\signing-rules\components\rules-details\rules-details.component.ts">
        <metrics statements="88" coveredstatements="86" conditionals="29" coveredconditionals="26" methods="20" coveredmethods="20"/>
        <line num="1" count="1" type="stmt"/>
        <line num="3" count="1" type="stmt"/>
        <line num="4" count="1" type="stmt"/>
        <line num="5" count="1" type="stmt"/>
        <line num="7" count="1" type="stmt"/>
        <line num="8" count="1" type="stmt"/>
        <line num="9" count="1" type="stmt"/>
        <line num="10" count="1" type="stmt"/>
        <line num="11" count="1" type="stmt"/>
        <line num="12" count="1" type="stmt"/>
        <line num="13" count="1" type="stmt"/>
        <line num="14" count="1" type="stmt"/>
        <line num="16" count="1" type="stmt"/>
        <line num="23" count="1" type="stmt"/>
        <line num="25" count="14" type="stmt"/>
        <line num="27" count="14" type="stmt"/>
        <line num="28" count="14" type="stmt"/>
        <line num="29" count="14" type="stmt"/>
        <line num="30" count="14" type="stmt"/>
        <line num="31" count="14" type="stmt"/>
        <line num="32" count="14" type="stmt"/>
        <line num="33" count="14" type="stmt"/>
        <line num="35" count="14" type="stmt"/>
        <line num="42" count="14" type="stmt"/>
        <line num="45" count="14" type="stmt"/>
        <line num="46" count="14" type="stmt"/>
        <line num="47" count="14" type="stmt"/>
        <line num="48" count="14" type="stmt"/>
        <line num="49" count="14" type="stmt"/>
        <line num="50" count="14" type="stmt"/>
        <line num="51" count="14" type="stmt"/>
        <line num="52" count="14" type="stmt"/>
        <line num="53" count="14" type="stmt"/>
        <line num="57" count="18" type="stmt"/>
        <line num="60" count="20" type="stmt"/>
        <line num="64" count="18" type="stmt"/>
        <line num="66" count="18" type="stmt"/>
        <line num="69" count="18" type="stmt"/>
        <line num="74" count="18" type="stmt"/>
        <line num="78" count="19" type="cond" truecount="1" falsecount="0"/>
        <line num="79" count="2" type="stmt"/>
        <line num="85" count="18" type="cond" truecount="1" falsecount="0"/>
        <line num="86" count="1" type="stmt"/>
        <line num="91" count="44" type="stmt"/>
        <line num="95" count="28" type="stmt"/>
        <line num="99" count="59" type="stmt"/>
        <line num="103" count="2" type="stmt"/>
        <line num="106" count="2" type="cond" truecount="1" falsecount="0"/>
        <line num="107" count="1" type="stmt"/>
        <line num="108" count="1" type="stmt"/>
        <line num="109" count="1" type="stmt"/>
        <line num="115" count="5" type="cond" truecount="2" falsecount="0"/>
        <line num="117" count="5" type="cond" truecount="3" falsecount="0"/>
        <line num="118" count="1" type="stmt"/>
        <line num="119" count="1" type="stmt"/>
        <line num="122" count="4" type="stmt"/>
        <line num="125" count="4" type="stmt"/>
        <line num="126" count="0" type="stmt"/>
        <line num="130" count="4" type="stmt"/>
        <line num="131" count="0" type="stmt"/>
        <line num="138" count="6" type="cond" truecount="2" falsecount="0"/>
        <line num="140" count="6" type="cond" truecount="3" falsecount="1"/>
        <line num="141" count="6" type="cond" truecount="3" falsecount="1"/>
        <line num="143" count="6" type="cond" truecount="2" falsecount="0"/>
        <line num="144" count="1" type="stmt"/>
        <line num="145" count="1" type="stmt"/>
        <line num="146" count="1" type="stmt"/>
        <line num="148" count="5" type="cond" truecount="1" falsecount="0"/>
        <line num="149" count="5" type="stmt"/>
        <line num="153" count="6" type="cond" truecount="3" falsecount="1"/>
        <line num="155" count="6" type="stmt"/>
        <line num="159" count="1" type="stmt"/>
        <line num="168" count="1" type="stmt"/>
        <line num="169" count="1" type="cond" truecount="1" falsecount="0"/>
        <line num="171" count="1" type="cond" truecount="1" falsecount="0"/>
        <line num="172" count="1" type="stmt"/>
        <line num="173" count="1" type="stmt"/>
        <line num="176" count="1" type="stmt"/>
        <line num="183" count="14" type="stmt"/>
        <line num="184" count="14" type="stmt"/>
        <line num="185" count="14" type="stmt"/>
        <line num="189" count="2" type="stmt"/>
        <line num="190" count="2" type="cond" truecount="2" falsecount="0"/>
        <line num="191" count="1" type="stmt"/>
        <line num="192" count="1" type="stmt"/>
        <line num="193" count="1" type="stmt"/>
        <line num="196" count="1" type="stmt"/>
        <line num="197" count="1" type="stmt"/>
      </file>
    </package>
    <package name="digital-user-management.src.app.features.user-management.signing-rules.components.rules-list">
      <metrics statements="34" coveredstatements="33" conditionals="2" coveredconditionals="2" methods="10" coveredmethods="10"/>
      <file name="rules-list.component.html" path="C:\Users\IaKapanadze\Desktop\FrontX.Angular.DigitalUserManagement\apps\digital-user-management\src\app\features\user-management\signing-rules\components\rules-list\rules-list.component.html">
        <metrics statements="1" coveredstatements="1" conditionals="0" coveredconditionals="0" methods="0" coveredmethods="0"/>
        <line num="1" count="1" type="stmt"/>
      </file>
      <file name="rules-list.component.ts" path="C:\Users\IaKapanadze\Desktop\FrontX.Angular.DigitalUserManagement\apps\digital-user-management\src\app\features\user-management\signing-rules\components\rules-list\rules-list.component.ts">
        <metrics statements="33" coveredstatements="32" conditionals="2" coveredconditionals="2" methods="10" coveredmethods="10"/>
        <line num="1" count="1" type="stmt"/>
        <line num="2" count="1" type="stmt"/>
        <line num="3" count="1" type="stmt"/>
        <line num="5" count="1" type="stmt"/>
        <line num="6" count="1" type="stmt"/>
        <line num="7" count="1" type="stmt"/>
        <line num="8" count="1" type="stmt"/>
        <line num="18" count="1" type="stmt"/>
        <line num="20" count="7" type="stmt"/>
        <line num="21" count="7" type="stmt"/>
        <line num="22" count="7" type="stmt"/>
        <line num="23" count="7" type="stmt"/>
        <line num="24" count="7" type="stmt"/>
        <line num="25" count="7" type="stmt"/>
        <line num="27" count="7" type="stmt"/>
        <line num="28" count="7" type="stmt"/>
        <line num="29" count="7" type="stmt"/>
        <line num="30" count="7" type="stmt"/>
        <line num="31" count="7" type="stmt"/>
        <line num="35" count="7" type="stmt"/>
        <line num="39" count="10" type="stmt"/>
        <line num="42" count="10" type="stmt"/>
        <line num="43" count="10" type="stmt"/>
        <line num="44" count="10" type="stmt"/>
        <line num="51" count="1" type="stmt"/>
        <line num="55" count="2" type="stmt"/>
        <line num="58" count="2" type="stmt"/>
        <line num="59" count="2" type="stmt"/>
        <line num="64" count="2" type="stmt"/>
        <line num="65" count="0" type="stmt"/>
        <line num="72" count="2" type="stmt"/>
        <line num="73" count="2" type="cond" truecount="2" falsecount="0"/>
        <line num="74" count="2" type="stmt"/>
      </file>
    </package>
    <package name="digital-user-management.src.app.features.user-management.signing-rules.components.rules-products-list">
      <metrics statements="33" coveredstatements="33" conditionals="11" coveredconditionals="11" methods="10" coveredmethods="10"/>
      <file name="rules-products-list.component.html" path="C:\Users\IaKapanadze\Desktop\FrontX.Angular.DigitalUserManagement\apps\digital-user-management\src\app\features\user-management\signing-rules\components\rules-products-list\rules-products-list.component.html">
        <metrics statements="1" coveredstatements="1" conditionals="0" coveredconditionals="0" methods="0" coveredmethods="0"/>
        <line num="1" count="1" type="stmt"/>
      </file>
      <file name="rules-products-list.component.ts" path="C:\Users\IaKapanadze\Desktop\FrontX.Angular.DigitalUserManagement\apps\digital-user-management\src\app\features\user-management\signing-rules\components\rules-products-list\rules-products-list.component.ts">
        <metrics statements="32" coveredstatements="32" conditionals="11" coveredconditionals="11" methods="10" coveredmethods="10"/>
        <line num="1" count="1" type="stmt"/>
        <line num="6" count="1" type="stmt"/>
        <line num="7" count="1" type="stmt"/>
        <line num="8" count="1" type="stmt"/>
        <line num="10" count="1" type="stmt"/>
        <line num="11" count="1" type="stmt"/>
        <line num="12" count="1" type="stmt"/>
        <line num="13" count="1" type="stmt"/>
        <line num="23" count="1" type="stmt"/>
        <line num="25" count="7" type="stmt"/>
        <line num="26" count="7" type="stmt"/>
        <line num="28" count="7" type="stmt"/>
        <line num="29" count="7" type="stmt"/>
        <line num="32" count="7" type="stmt"/>
        <line num="33" count="7" type="stmt"/>
        <line num="34" count="7" type="stmt"/>
        <line num="35" count="7" type="stmt"/>
        <line num="36" count="7" type="stmt"/>
        <line num="40" count="2" type="cond" truecount="2" falsecount="0"/>
        <line num="44" count="14" type="stmt"/>
        <line num="48" count="7" type="stmt"/>
        <line num="52" count="9" type="cond" truecount="1" falsecount="0"/>
        <line num="53" count="9" type="stmt"/>
        <line num="54" count="9" type="cond" truecount="2" falsecount="0"/>
        <line num="62" count="3" type="stmt"/>
        <line num="71" count="2" type="cond" truecount="2" falsecount="0"/>
        <line num="72" count="1" type="stmt"/>
        <line num="73" count="2" type="stmt"/>
        <line num="76" count="1" type="stmt"/>
        <line num="77" count="3" type="stmt"/>
        <line num="82" count="7" type="stmt"/>
        <line num="83" count="7" type="stmt"/>
      </file>
    </package>
    <package name="digital-user-management.src.app.features.user-management.signing-rules.services">
      <metrics statements="23" coveredstatements="23" conditionals="24" coveredconditionals="18" methods="5" coveredmethods="5"/>
      <file name="signing-rules.service.ts" path="C:\Users\IaKapanadze\Desktop\FrontX.Angular.DigitalUserManagement\apps\digital-user-management\src\app\features\user-management\signing-rules\services\signing-rules.service.ts">
        <metrics statements="23" coveredstatements="23" conditionals="24" coveredconditionals="18" methods="5" coveredmethods="5"/>
        <line num="1" count="6" type="stmt"/>
        <line num="2" count="6" type="stmt"/>
        <line num="3" count="6" type="stmt"/>
        <line num="5" count="6" type="stmt"/>
        <line num="6" count="6" type="stmt"/>
        <line num="11" count="6" type="stmt"/>
        <line num="12" count="5" type="stmt"/>
        <line num="13" count="5" type="stmt"/>
        <line num="14" count="5" type="stmt"/>
        <line num="17" count="5" type="stmt"/>
        <line num="18" count="5" type="stmt"/>
        <line num="22" count="1" type="stmt"/>
        <line num="24" count="1" type="cond" truecount="3" falsecount="1"/>
        <line num="25" count="1" type="cond" truecount="3" falsecount="1"/>
        <line num="27" count="1" type="stmt"/>
        <line num="31" count="1" type="stmt"/>
        <line num="35" count="1" type="stmt"/>
        <line num="36" count="1" type="cond" truecount="3" falsecount="1"/>
        <line num="38" count="1" type="cond" truecount="3" falsecount="1"/>
        <line num="42" count="1" type="stmt"/>
        <line num="43" count="1" type="cond" truecount="3" falsecount="1"/>
        <line num="44" count="1" type="cond" truecount="3" falsecount="1"/>
        <line num="46" count="1" type="stmt"/>
      </file>
    </package>
    <package name="digital-user-management.src.app.features.user-management.users">
      <metrics statements="3" coveredstatements="3" conditionals="0" coveredconditionals="0" methods="2" coveredmethods="2"/>
      <file name="users.component.html" path="C:\Users\IaKapanadze\Desktop\FrontX.Angular.DigitalUserManagement\apps\digital-user-management\src\app\features\user-management\users\users.component.html">
        <metrics statements="1" coveredstatements="1" conditionals="0" coveredconditionals="0" methods="0" coveredmethods="0"/>
        <line num="1" count="1" type="stmt"/>
      </file>
      <file name="users.component.ts" path="C:\Users\IaKapanadze\Desktop\FrontX.Angular.DigitalUserManagement\apps\digital-user-management\src\app\features\user-management\users\users.component.ts">
        <metrics statements="2" coveredstatements="2" conditionals="0" coveredconditionals="0" methods="2" coveredmethods="2"/>
        <line num="1" count="1" type="stmt"/>
        <line num="8" count="1" type="stmt"/>
      </file>
    </package>
    <package name="digital-user-management.src.app.features.user-management.users.components.create-edit-shared.user-in-roles">
      <metrics statements="31" coveredstatements="31" conditionals="5" coveredconditionals="5" methods="9" coveredmethods="9"/>
      <file name="user-in-roles.component.html" path="C:\Users\IaKapanadze\Desktop\FrontX.Angular.DigitalUserManagement\apps\digital-user-management\src\app\features\user-management\users\components\create-edit-shared\user-in-roles\user-in-roles.component.html">
        <metrics statements="1" coveredstatements="1" conditionals="0" coveredconditionals="0" methods="0" coveredmethods="0"/>
        <line num="1" count="1" type="stmt"/>
      </file>
      <file name="user-in-roles.component.ts" path="C:\Users\IaKapanadze\Desktop\FrontX.Angular.DigitalUserManagement\apps\digital-user-management\src\app\features\user-management\users\components\create-edit-shared\user-in-roles\user-in-roles.component.ts">
        <metrics statements="30" coveredstatements="30" conditionals="5" coveredconditionals="5" methods="9" coveredmethods="9"/>
        <line num="1" count="1" type="stmt"/>
        <line num="2" count="1" type="stmt"/>
        <line num="5" count="1" type="stmt"/>
        <line num="6" count="1" type="stmt"/>
        <line num="7" count="1" type="stmt"/>
        <line num="15" count="1" type="stmt"/>
        <line num="20" count="5" type="stmt"/>
        <line num="26" count="5" type="stmt"/>
        <line num="27" count="5" type="stmt"/>
        <line num="31" count="7" type="stmt"/>
        <line num="32" count="7" type="stmt"/>
        <line num="36" count="7" type="stmt"/>
        <line num="40" count="2" type="stmt"/>
        <line num="41" count="2" type="stmt"/>
        <line num="43" count="2" type="cond" truecount="1" falsecount="0"/>
        <line num="44" count="1" type="stmt"/>
        <line num="45" count="1" type="stmt"/>
        <line num="46" count="1" type="stmt"/>
        <line num="54" count="9" type="stmt"/>
        <line num="59" count="3" type="cond" truecount="2" falsecount="0"/>
        <line num="60" count="1" type="stmt"/>
        <line num="61" count="1" type="stmt"/>
        <line num="63" count="2" type="stmt"/>
        <line num="69" count="9" type="stmt"/>
        <line num="74" count="2" type="cond" truecount="2" falsecount="0"/>
        <line num="75" count="1" type="stmt"/>
        <line num="76" count="1" type="stmt"/>
        <line num="78" count="1" type="stmt"/>
        <line num="84" count="9" type="stmt"/>
        <line num="88" count="1" type="stmt"/>
      </file>
    </package>
    <package name="digital-user-management.src.app.features.user-management.users.components.create-edit-shared.username">
      <metrics statements="54" coveredstatements="50" conditionals="14" coveredconditionals="11" methods="12" coveredmethods="10"/>
      <file name="username.component.html" path="C:\Users\IaKapanadze\Desktop\FrontX.Angular.DigitalUserManagement\apps\digital-user-management\src\app\features\user-management\users\components\create-edit-shared\username\username.component.html">
        <metrics statements="1" coveredstatements="1" conditionals="0" coveredconditionals="0" methods="0" coveredmethods="0"/>
        <line num="1" count="1" type="stmt"/>
      </file>
      <file name="username.component.ts" path="C:\Users\IaKapanadze\Desktop\FrontX.Angular.DigitalUserManagement\apps\digital-user-management\src\app\features\user-management\users\components\create-edit-shared\username\username.component.ts">
        <metrics statements="53" coveredstatements="49" conditionals="14" coveredconditionals="11" methods="12" coveredmethods="10"/>
        <line num="1" count="1" type="stmt"/>
        <line num="2" count="1" type="stmt"/>
        <line num="3" count="1" type="stmt"/>
        <line num="4" count="1" type="stmt"/>
        <line num="5" count="1" type="stmt"/>
        <line num="12" count="1" type="stmt"/>
[...]
        <metrics statements="1" coveredstatements="1" conditionals="0" coveredconditionals="0" methods="0" coveredmethods="0"/>
        <line num="1" count="1" type="stmt"/>
      </file>
      <file name="document-details.component.ts" path="C:\Users\IaKapanadze\Desktop\FrontX.Angular.DigitalUserManagement\apps\document-confirmation\src\app\document-confirmation\features\document-confirmation\components\document-details\document-details.component.ts">
        <metrics statements="25" coveredstatements="25" conditionals="1" coveredconditionals="1" methods="7" coveredmethods="7"/>
        <line num="1" count="1" type="stmt"/>
        <line num="2" count="1" type="stmt"/>
        <line num="3" count="1" type="stmt"/>
        <line num="4" count="1" type="stmt"/>
        <line num="5" count="1" type="stmt"/>
        <line num="6" count="1" type="stmt"/>
        <line num="8" count="1" type="stmt"/>
        <line num="15" count="1" type="stmt"/>
        <line num="18" count="5" type="stmt"/>
        <line num="19" count="5" type="stmt"/>
        <line num="20" count="5" type="stmt"/>
        <line num="21" count="5" type="stmt"/>
        <line num="22" count="5" type="stmt"/>
        <line num="23" count="5" type="stmt"/>
        <line num="24" count="5" type="stmt"/>
        <line num="28" count="5" type="stmt"/>
        <line num="32" count="8" type="cond" truecount="1" falsecount="0"/>
        <line num="33" count="2" type="stmt"/>
        <line num="35" count="2" type="stmt"/>
        <line num="37" count="1" type="stmt"/>
        <line num="41" count="1" type="stmt"/>
        <line num="42" count="1" type="stmt"/>
        <line num="43" count="1" type="stmt"/>
        <line num="47" count="2" type="stmt"/>
        <line num="54" count="1" type="stmt"/>
      </file>
    </package>
    <package name="document-confirmation.src.app.document-confirmation.features.document-confirmation.components.document-list">
      <metrics statements="57" coveredstatements="57" conditionals="16" coveredconditionals="16" methods="18" coveredmethods="18"/>
      <file name="document-list.component.html" path="C:\Users\IaKapanadze\Desktop\FrontX.Angular.DigitalUserManagement\apps\document-confirmation\src\app\document-confirmation\features\document-confirmation\components\document-list\document-list.component.html">
        <metrics statements="1" coveredstatements="1" conditionals="0" coveredconditionals="0" methods="0" coveredmethods="0"/>
        <line num="1" count="1" type="stmt"/>
      </file>
      <file name="document-list.component.ts" path="C:\Users\IaKapanadze\Desktop\FrontX.Angular.DigitalUserManagement\apps\document-confirmation\src\app\document-confirmation\features\document-confirmation\components\document-list\document-list.component.ts">
        <metrics statements="56" coveredstatements="56" conditionals="16" coveredconditionals="16" methods="18" coveredmethods="18"/>
        <line num="1" count="1" type="stmt"/>
        <line num="8" count="1" type="stmt"/>
        <line num="9" count="1" type="stmt"/>
        <line num="10" count="1" type="stmt"/>
        <line num="11" count="1" type="stmt"/>
        <line num="12" count="1" type="stmt"/>
        <line num="13" count="1" type="stmt"/>
        <line num="14" count="1" type="stmt"/>
        <line num="15" count="1" type="stmt"/>
        <line num="24" count="1" type="stmt"/>
        <line num="26" count="13" type="stmt"/>
        <line num="27" count="13" type="stmt"/>
        <line num="28" count="13" type="stmt"/>
        <line num="29" count="13" type="stmt"/>
        <line num="30" count="13" type="stmt"/>
        <line num="31" count="13" type="stmt"/>
        <line num="32" count="13" type="stmt"/>
        <line num="33" count="13" type="stmt"/>
        <line num="34" count="13" type="stmt"/>
        <line num="35" count="13" type="stmt"/>
        <line num="37" count="13" type="stmt"/>
        <line num="42" count="13" type="stmt"/>
        <line num="43" count="13" type="stmt"/>
        <line num="44" count="13" type="stmt"/>
        <line num="45" count="13" type="stmt"/>
        <line num="46" count="13" type="stmt"/>
        <line num="50" count="15" type="stmt"/>
        <line num="51" count="15" type="stmt"/>
        <line num="53" count="15" type="cond" truecount="4" falsecount="0"/>
        <line num="56" count="2" type="stmt"/>
        <line num="62" count="22" type="stmt"/>
        <line num="65" count="2" type="stmt"/>
        <line num="66" count="2" type="stmt"/>
        <line num="73" count="1" type="stmt"/>
        <line num="77" count="9" type="stmt"/>
        <line num="81" count="9" type="stmt"/>
        <line num="85" count="1" type="stmt"/>
        <line num="88" count="1" type="stmt"/>
        <line num="95" count="1" type="stmt"/>
        <line num="98" count="1" type="stmt"/>
        <line num="105" count="1" type="stmt"/>
        <line num="106" count="1" type="stmt"/>
        <line num="108" count="1" type="stmt"/>
        <line num="112" count="3" type="cond" truecount="2" falsecount="0"/>
        <line num="114" count="1" type="stmt"/>
        <line num="118" count="2" type="cond" truecount="2" falsecount="0"/>
        <line num="120" count="1" type="stmt"/>
        <line num="121" count="1" type="stmt"/>
        <line num="122" count="1" type="stmt"/>
        <line num="125" count="1" type="stmt"/>
        <line num="129" count="3" type="stmt"/>
        <line num="133" count="2" type="cond" truecount="4" falsecount="0"/>
        <line num="138" count="2" type="cond" truecount="4" falsecount="0"/>
        <line num="139" count="2" type="stmt"/>
        <line num="140" count="2" type="stmt"/>
        <line num="141" count="2" type="stmt"/>
      </file>
    </package>
    <package name="document-confirmation.src.app.document-confirmation.features.document-confirmation.components.filter-item">
      <metrics statements="54" coveredstatements="54" conditionals="48" coveredconditionals="48" methods="16" coveredmethods="16"/>
      <file name="filter-item.component.html" path="C:\Users\IaKapanadze\Desktop\FrontX.Angular.DigitalUserManagement\apps\document-confirmation\src\app\document-confirmation\features\document-confirmation\components\filter-item\filter-item.component.html">
        <metrics statements="1" coveredstatements="1" conditionals="0" coveredconditionals="0" methods="0" coveredmethods="0"/>
        <line num="1" count="1" type="stmt"/>
      </file>
      <file name="filter-item.component.ts" path="C:\Users\IaKapanadze\Desktop\FrontX.Angular.DigitalUserManagement\apps\document-confirmation\src\app\document-confirmation\features\document-confirmation\components\filter-item\filter-item.component.ts">
        <metrics statements="53" coveredstatements="53" conditionals="48" coveredconditionals="48" methods="16" coveredmethods="16"/>
        <line num="1" count="1" type="stmt"/>
        <line num="11" count="1" type="stmt"/>
        <line num="12" count="1" type="stmt"/>
        <line num="13" count="1" type="stmt"/>
        <line num="14" count="1" type="stmt"/>
        <line num="15" count="1" type="stmt"/>
        <line num="16" count="1" type="stmt"/>
        <line num="17" count="1" type="stmt"/>
        <line num="25" count="1" type="stmt"/>
        <line num="27" count="13" type="stmt"/>
        <line num="28" count="13" type="stmt"/>
        <line num="29" count="13" type="stmt"/>
        <line num="30" count="13" type="stmt"/>
        <line num="31" count="13" type="stmt"/>
        <line num="32" count="13" type="stmt"/>
        <line num="33" count="13" type="stmt"/>
        <line num="39" count="13" type="stmt"/>
        <line num="40" count="13" type="stmt"/>
        <line num="41" count="13" type="stmt"/>
        <line num="42" count="13" type="stmt"/>
        <line num="43" count="13" type="stmt"/>
        <line num="46" count="19" type="stmt"/>
        <line num="48" count="2" type="stmt"/>
        <line num="52" count="19" type="stmt"/>
        <line num="54" count="19" type="cond" truecount="5" falsecount="0"/>
        <line num="55" count="1" type="stmt"/>
        <line num="58" count="19" type="cond" truecount="5" falsecount="0"/>
        <line num="59" count="9" type="stmt"/>
        <line num="64" count="18" type="cond" truecount="4" falsecount="0"/>
        <line num="67" count="10" type="cond" truecount="7" falsecount="0"/>
        <line num="68" count="10" type="stmt"/>
        <line num="75" count="2" type="stmt"/>
        <line num="82" count="4" type="cond" truecount="4" falsecount="0"/>
        <line num="83" count="1" type="stmt"/>
        <line num="86" count="1" type="stmt"/>
        <line num="92" count="1" type="stmt"/>
        <line num="97" count="4" type="cond" truecount="4" falsecount="0"/>
        <line num="98" count="1" type="stmt"/>
        <line num="101" count="1" type="stmt"/>
        <line num="102" count="1" type="stmt"/>
        <line num="108" count="1" type="stmt"/>
        <line num="115" count="5" type="cond" truecount="2" falsecount="0"/>
        <line num="116" count="3" type="cond" truecount="4" falsecount="0"/>
        <line num="117" count="3" type="cond" truecount="1" falsecount="0"/>
        <line num="118" count="1" type="stmt"/>
        <line num="121" count="2" type="cond" truecount="4" falsecount="0"/>
        <line num="122" count="2" type="cond" truecount="4" falsecount="0"/>
        <line num="123" count="2" type="stmt"/>
        <line num="124" count="2" type="stmt"/>
        <line num="125" count="2" type="stmt"/>
        <line num="130" count="2" type="cond" truecount="4" falsecount="0"/>
        <line num="131" count="2" type="stmt"/>
        <line num="132" count="2" type="stmt"/>
      </file>
    </package>
    <package name="document-confirmation.src.app.document-confirmation.features.document-confirmation.components.roles-list">
      <metrics statements="17" coveredstatements="17" conditionals="2" coveredconditionals="2" methods="3" coveredmethods="3"/>
      <file name="roles-list.component.html" path="C:\Users\IaKapanadze\Desktop\FrontX.Angular.DigitalUserManagement\apps\document-confirmation\src\app\document-confirmation\features\document-confirmation\components\roles-list\roles-list.component.html">
        <metrics statements="1" coveredstatements="1" conditionals="0" coveredconditionals="0" methods="0" coveredmethods="0"/>
        <line num="1" count="1" type="stmt"/>
      </file>
      <file name="roles-list.component.ts" path="C:\Users\IaKapanadze\Desktop\FrontX.Angular.DigitalUserManagement\apps\document-confirmation\src\app\document-confirmation\features\document-confirmation\components\roles-list\roles-list.component.ts">
        <metrics statements="16" coveredstatements="16" conditionals="2" coveredconditionals="2" methods="3" coveredmethods="3"/>
        <line num="1" count="1" type="stmt"/>
        <line num="2" count="1" type="stmt"/>
        <line num="3" count="1" type="stmt"/>
        <line num="11" count="1" type="stmt"/>
        <line num="13" count="2" type="stmt"/>
        <line num="14" count="2" type="stmt"/>
        <line num="15" count="2" type="stmt"/>
        <line num="16" count="2" type="stmt"/>
        <line num="17" count="2" type="stmt"/>
        <line num="18" count="2" type="stmt"/>
        <line num="21" count="2" type="stmt"/>
        <line num="22" count="2" type="stmt"/>
        <line num="26" count="2" type="stmt"/>
        <line num="30" count="2" type="stmt"/>
        <line num="31" count="2" type="cond" truecount="2" falsecount="0"/>
        <line num="32" count="2" type="stmt"/>
      </file>
    </package>
    <package name="document-confirmation.src.app.document-confirmation.features.document-confirmation.components.signing-rules-list">
      <metrics statements="22" coveredstatements="22" conditionals="4" coveredconditionals="4" methods="6" coveredmethods="6"/>
      <file name="signing-rules-list.component.html" path="C:\Users\IaKapanadze\Desktop\FrontX.Angular.DigitalUserManagement\apps\document-confirmation\src\app\document-confirmation\features\document-confirmation\components\signing-rules-list\signing-rules-list.component.html">
        <metrics statements="1" coveredstatements="1" conditionals="0" coveredconditionals="0" methods="0" coveredmethods="0"/>
        <line num="1" count="1" type="stmt"/>
      </file>
      <file name="signing-rules-list.component.ts" path="C:\Users\IaKapanadze\Desktop\FrontX.Angular.DigitalUserManagement\apps\document-confirmation\src\app\document-confirmation\features\document-confirmation\components\signing-rules-list\signing-rules-list.component.ts">
        <metrics statements="21" coveredstatements="21" conditionals="4" coveredconditionals="4" methods="6" coveredmethods="6"/>
        <line num="1" count="1" type="stmt"/>
        <line num="2" count="1" type="stmt"/>
        <line num="4" count="1" type="stmt"/>
        <line num="11" count="1" type="stmt"/>
        <line num="13" count="3" type="stmt"/>
        <line num="14" count="3" type="stmt"/>
        <line num="15" count="3" type="stmt"/>
        <line num="16" count="3" type="stmt"/>
        <line num="17" count="3" type="stmt"/>
        <line num="18" count="3" type="stmt"/>
        <line num="20" count="3" type="stmt"/>
        <line num="21" count="3" type="stmt"/>
        <line num="25" count="4" type="stmt"/>
        <line num="27" count="1" type="cond" truecount="1" falsecount="0"/>
        <line num="28" count="3" type="stmt"/>
        <line num="30" count="1" type="cond" truecount="1" falsecount="0"/>
        <line num="31" count="2" type="stmt"/>
        <line num="35" count="4" type="stmt"/>
        <line num="39" count="2" type="stmt"/>
        <line num="40" count="2" type="cond" truecount="2" falsecount="0"/>
        <line num="41" count="2" type="stmt"/>
      </file>
    </package>
    <package name="document-confirmation.src.app.document-confirmation.features.document-confirmation.components.user-details">
      <metrics statements="7" coveredstatements="7" conditionals="0" coveredconditionals="0" methods="2" coveredmethods="2"/>
      <file name="user-details.component.html" path="C:\Users\IaKapanadze\Desktop\FrontX.Angular.DigitalUserManagement\apps\document-confirmation\src\app\document-confirmation\features\document-confirmation\components\user-details\user-details.component.html">
        <metrics statements="1" coveredstatements="1" conditionals="0" coveredconditionals="0" methods="0" coveredmethods="0"/>
        <line num="1" count="1" type="stmt"/>
      </file>
      <file name="user-details.component.ts" path="C:\Users\IaKapanadze\Desktop\FrontX.Angular.DigitalUserManagement\apps\document-confirmation\src\app\document-confirmation\features\document-confirmation\components\user-details\user-details.component.ts">
        <metrics statements="6" coveredstatements="6" conditionals="0" coveredconditionals="0" methods="2" coveredmethods="2"/>
        <line num="1" count="1" type="stmt"/>
        <line num="3" count="1" type="stmt"/>
        <line num="10" count="1" type="stmt"/>
        <line num="15" count="1" type="stmt"/>
        <line num="18" count="1" type="stmt"/>
        <line num="19" count="1" type="stmt"/>
      </file>
    </package>
    <package name="document-confirmation.src.app.document-confirmation.features.document-confirmation.pipes">
      <metrics statements="3" coveredstatements="3" conditionals="0" coveredconditionals="0" methods="2" coveredmethods="2"/>
      <file name="tooltip-array.pipe.ts" path="C:\Users\IaKapanadze\Desktop\FrontX.Angular.DigitalUserManagement\apps\document-confirmation\src\app\document-confirmation\features\document-confirmation\pipes\tooltip-array.pipe.ts">
        <metrics statements="3" coveredstatements="3" conditionals="0" coveredconditionals="0" methods="2" coveredmethods="2"/>
        <line num="1" count="1" type="stmt"/>
        <line num="6" count="1" type="stmt"/>
        <line num="9" count="2" type="stmt"/>
      </file>
    </package>
    <package name="document-confirmation.src.app.document-confirmation.features.document-confirmation.services">
      <metrics statements="17" coveredstatements="17" conditionals="15" coveredconditionals="15" methods="5" coveredmethods="5"/>
      <file name="document-confirmation.service.ts" path="C:\Users\IaKapanadze\Desktop\FrontX.Angular.DigitalUserManagement\apps\document-confirmation\src\app\document-confirmation\features\document-confirmation\services\document-confirmation.service.ts">
        <metrics statements="17" coveredstatements="17" conditionals="15" coveredconditionals="15" methods="5" coveredmethods="5"/>
        <line num="1" count="5" type="stmt"/>
        <line num="2" count="5" type="stmt"/>
        <line num="3" count="5" type="stmt"/>
        <line num="10" count="5" type="stmt"/>
        <line num="11" count="36" type="stmt"/>
        <line num="12" count="36" type="stmt"/>
        <line num="15" count="36" type="stmt"/>
        <line num="21" count="20" type="stmt"/>
        <line num="30" count="20" type="cond" truecount="1" falsecount="0"/>
        <line num="31" count="17" type="stmt"/>
        <line num="34" count="20" type="stmt"/>
        <line num="38" count="1" type="stmt"/>
        <line num="40" count="1" type="stmt"/>
        <line num="44" count="1" type="stmt"/>
        <line num="46" count="1" type="stmt"/>
        <line num="50" count="1" type="stmt"/>
        <line num="52" count="1" type="stmt"/>
      </file>
    </package>
    <package name="document-confirmation.src.app.document-confirmation.shared.services.loading">
      <metrics statements="6" coveredstatements="6" conditionals="0" coveredconditionals="0" methods="3" coveredmethods="3"/>
      <file name="loading.service.ts" path="C:\Users\IaKapanadze\Desktop\FrontX.Angular.DigitalUserManagement\apps\document-confirmation\src\app\document-confirmation\shared\services\loading\loading.service.ts">
        <metrics statements="6" coveredstatements="6" conditionals="0" coveredconditionals="0" methods="3" coveredmethods="3"/>
        <line num="1" count="3" type="stmt"/>
        <line num="2" count="3" type="stmt"/>
        <line num="7" count="3" type="stmt"/>
        <line num="9" count="8" type="stmt"/>
        <line num="12" count="3" type="stmt"/>
        <line num="16" count="3" type="stmt"/>
      </file>
    </package>
    <package name="document-confirmation.src.app.document-confirmation.shared.services.notifications">
      <metrics statements="6" coveredstatements="6" conditionals="2" coveredconditionals="2" methods="3" coveredmethods="3"/>
      <file name="notifications.service.ts" path="C:\Users\IaKapanadze\Desktop\FrontX.Angular.DigitalUserManagement\apps\document-confirmation\src\app\document-confirmation\shared\services\notifications\notifications.service.ts">
        <metrics statements="6" coveredstatements="6" conditionals="2" coveredconditionals="2" methods="3" coveredmethods="3"/>
        <line num="1" count="2" type="stmt"/>
        <line num="2" count="2" type="stmt"/>
        <line num="7" count="2" type="stmt"/>
        <line num="10" count="8" type="stmt"/>
        <line num="14" count="1" type="stmt"/>
        <line num="22" count="2" type="stmt"/>
      </file>
    </package>
    <package name="document-confirmation.src.environments">
      <metrics statements="1" coveredstatements="1" conditionals="0" coveredconditionals="0" methods="0" coveredmethods="0"/>
      <file name="environment.ts" path="C:\Users\IaKapanadze\Desktop\FrontX.Angular.DigitalUserManagement\apps\document-confirmation\src\environments\environment.ts">
        <metrics statements="1" coveredstatements="1" conditionals="0" coveredconditionals="0" methods="0" coveredmethods="0"/>
        <line num="5" count="5" type="stmt"/>
      </file>
    </package>
  </project>
</coverage>
